bank
rock
bear
date
can
drop
cap
ring
tie
stick
frame
key
trip
coach
contract
chest
page
bar
net
pipe
deck
tap
flash
master
draft
code
log
mean
part
prime
pure
root
slip
steer
trial
yard
bat
light
match
tire
right
nut
drill
ball
sound
palm
case
plane
clip
train
park
pack
post
ground
roll
trade
dock
mark
model
plot
prize
rank
scale
snap
stock
trust
zone
bow
fair
point
fly
row
left
cool
suit
pass
drive
check
current
press
saw
fan
line
club
range
glass
spike
bond
bay
wave
rush
wing
host
mass
motor
port
proof
relay
screen
stamp
stretch
type
book
lead
spring
well
jam
watch
bolt
change
trunk
mine
file
note
seal
bill
board
pool
race
court
set
shot
stroke
chip
link
split
jump
order
punch
reserve
shift
stand
trace
volume